{"/home/nmurgor/ae100-projects/bitgesell-blockchain-sdk/src/api.ts": {"path":"/home/nmurgor/ae100-projects/bitgesell-blockchain-sdk/src/api.ts","statementMap":{"0":{"start":{"line":14,"column":4},"end":{"line":14,"column":44}},"1":{"start":{"line":15,"column":4},"end":{"line":15,"column":37}},"2":{"start":{"line":16,"column":4},"end":{"line":16,"column":38}},"3":{"start":{"line":17,"column":4},"end":{"line":17,"column":38}}},"fnMap":{"0":{"name":"(anonymous_0)","decl":{"start":{"line":13,"column":2},"end":{"line":13,"column":3}},"loc":{"start":{"line":13,"column":33},"end":{"line":18,"column":3}},"line":13}},"branchMap":{},"s":{"0":5,"1":5,"2":5,"3":5},"f":{"0":5},"b":{},"_coverageSchema":"1a1c01bbd47fc00a2c39e90264f33305004495a9","hash":"f9f4e060fb7f4505c22b6691e913133d50b6a36c"}
,"/home/nmurgor/ae100-projects/bitgesell-blockchain-sdk/src/__tests__/sdkConfig.ts": {"path":"/home/nmurgor/ae100-projects/bitgesell-blockchain-sdk/src/__tests__/sdkConfig.ts","statementMap":{"0":{"start":{"line":3,"column":36},"end":{"line":6,"column":1}}},"fnMap":{},"branchMap":{},"s":{"0":3},"f":{},"b":{},"_coverageSchema":"1a1c01bbd47fc00a2c39e90264f33305004495a9","hash":"ce8152406d0fd513179d0dc1d15538fb76fa9499"}
,"/home/nmurgor/ae100-projects/bitgesell-blockchain-sdk/src/classes/Address.ts": {"path":"/home/nmurgor/ae100-projects/bitgesell-blockchain-sdk/src/classes/Address.ts","statementMap":{"0":{"start":{"line":9,"column":4},"end":{"line":9,"column":83}},"1":{"start":{"line":10,"column":4},"end":{"line":10,"column":47}},"2":{"start":{"line":10,"column":43},"end":{"line":10,"column":46}},"3":{"start":{"line":18,"column":16},"end":{"line":18,"column":59}},"4":{"start":{"line":20,"column":17},"end":{"line":20,"column":37}},"5":{"start":{"line":21,"column":4},"end":{"line":21,"column":33}},"6":{"start":{"line":29,"column":16},"end":{"line":29,"column":66}},"7":{"start":{"line":30,"column":17},"end":{"line":30,"column":37}},"8":{"start":{"line":31,"column":4},"end":{"line":31,"column":38}},"9":{"start":{"line":39,"column":16},"end":{"line":39,"column":78}},"10":{"start":{"line":40,"column":17},"end":{"line":40,"column":37}},"11":{"start":{"line":41,"column":4},"end":{"line":41,"column":38}},"12":{"start":{"line":50,"column":16},"end":{"line":50,"column":78}},"13":{"start":{"line":51,"column":17},"end":{"line":51,"column":37}},"14":{"start":{"line":52,"column":4},"end":{"line":52,"column":31}},"15":{"start":{"line":57,"column":4},"end":{"line":64,"column":5}},"16":{"start":{"line":58,"column":18},"end":{"line":58,"column":38}},"17":{"start":{"line":59,"column":23},"end":{"line":59,"column":31}},"18":{"start":{"line":60,"column":6},"end":{"line":60,"column":17}},"19":{"start":{"line":62,"column":6},"end":{"line":62,"column":24}},"20":{"start":{"line":63,"column":6},"end":{"line":63,"column":12}}},"fnMap":{"0":{"name":"(anonymous_0)","decl":{"start":{"line":8,"column":2},"end":{"line":8,"column":3}},"loc":{"start":{"line":8,"column":33},"end":{"line":11,"column":3}},"line":8},"1":{"name":"(anonymous_1)","decl":{"start":{"line":10,"column":34},"end":{"line":10,"column":35}},"loc":{"start":{"line":10,"column":43},"end":{"line":10,"column":46}},"line":10},"2":{"name":"(anonymous_2)","decl":{"start":{"line":17,"column":2},"end":{"line":17,"column":3}},"loc":{"start":{"line":17,"column":50},"end":{"line":22,"column":3}},"line":17},"3":{"name":"(anonymous_3)","decl":{"start":{"line":28,"column":2},"end":{"line":28,"column":3}},"loc":{"start":{"line":28,"column":55},"end":{"line":32,"column":3}},"line":28},"4":{"name":"(anonymous_4)","decl":{"start":{"line":38,"column":2},"end":{"line":38,"column":3}},"loc":{"start":{"line":38,"column":66},"end":{"line":43,"column":3}},"line":38},"5":{"name":"(anonymous_5)","decl":{"start":{"line":49,"column":2},"end":{"line":49,"column":3}},"loc":{"start":{"line":49,"column":47},"end":{"line":53,"column":3}},"line":49},"6":{"name":"(anonymous_6)","decl":{"start":{"line":56,"column":2},"end":{"line":56,"column":3}},"loc":{"start":{"line":56,"column":34},"end":{"line":65,"column":3}},"line":56}},"branchMap":{"0":{"loc":{"start":{"line":9,"column":20},"end":{"line":9,"column":83}},"type":"binary-expr","locations":[{"start":{"line":9,"column":20},"end":{"line":9,"column":37}},{"start":{"line":9,"column":41},"end":{"line":9,"column":83}}],"line":9},"1":{"loc":{"start":{"line":10,"column":18},"end":{"line":10,"column":47}},"type":"binary-expr","locations":[{"start":{"line":10,"column":18},"end":{"line":10,"column":29}},{"start":{"line":10,"column":34},"end":{"line":10,"column":46}}],"line":10}},"s":{"0":5,"1":5,"2":0,"3":1,"4":1,"5":1,"6":1,"7":1,"8":1,"9":1,"10":1,"11":1,"12":1,"13":1,"14":1,"15":4,"16":4,"17":4,"18":4,"19":0,"20":0},"f":{"0":5,"1":0,"2":1,"3":1,"4":1,"5":1,"6":4},"b":{"0":[5,0],"1":[5,5]},"_coverageSchema":"1a1c01bbd47fc00a2c39e90264f33305004495a9","hash":"b126531ca3e04b76296db04b9f604dcdbb9fc76f"}
,"/home/nmurgor/ae100-projects/bitgesell-blockchain-sdk/src/classes/Blockchain.ts": {"path":"/home/nmurgor/ae100-projects/bitgesell-blockchain-sdk/src/classes/Blockchain.ts","statementMap":{"0":{"start":{"line":8,"column":4},"end":{"line":8,"column":83}},"1":{"start":{"line":9,"column":4},"end":{"line":9,"column":47}},"2":{"start":{"line":9,"column":43},"end":{"line":9,"column":46}},"3":{"start":{"line":17,"column":16},"end":{"line":17,"column":53}},"4":{"start":{"line":18,"column":17},"end":{"line":18,"column":37}},"5":{"start":{"line":19,"column":4},"end":{"line":19,"column":24}},"6":{"start":{"line":27,"column":16},"end":{"line":27,"column":55}},"7":{"start":{"line":28,"column":17},"end":{"line":28,"column":37}},"8":{"start":{"line":29,"column":4},"end":{"line":29,"column":24}},"9":{"start":{"line":37,"column":16},"end":{"line":37,"column":60}},"10":{"start":{"line":38,"column":17},"end":{"line":38,"column":37}},"11":{"start":{"line":39,"column":4},"end":{"line":39,"column":31}},"12":{"start":{"line":46,"column":16},"end":{"line":46,"column":47}},"13":{"start":{"line":47,"column":17},"end":{"line":47,"column":37}},"14":{"start":{"line":48,"column":4},"end":{"line":48,"column":31}},"15":{"start":{"line":57,"column":16},"end":{"line":57,"column":54}},"16":{"start":{"line":58,"column":17},"end":{"line":58,"column":37}},"17":{"start":{"line":59,"column":4},"end":{"line":59,"column":31}},"18":{"start":{"line":68,"column":16},"end":{"line":68,"column":61}},"19":{"start":{"line":69,"column":17},"end":{"line":69,"column":37}},"20":{"start":{"line":70,"column":4},"end":{"line":70,"column":31}},"21":{"start":{"line":78,"column":16},"end":{"line":78,"column":72}},"22":{"start":{"line":79,"column":17},"end":{"line":79,"column":37}},"23":{"start":{"line":80,"column":4},"end":{"line":80,"column":30}},"24":{"start":{"line":88,"column":16},"end":{"line":88,"column":60}},"25":{"start":{"line":89,"column":17},"end":{"line":89,"column":37}},"26":{"start":{"line":90,"column":4},"end":{"line":90,"column":28}},"27":{"start":{"line":98,"column":16},"end":{"line":98,"column":65}},"28":{"start":{"line":99,"column":17},"end":{"line":99,"column":37}},"29":{"start":{"line":100,"column":4},"end":{"line":100,"column":35}},"30":{"start":{"line":107,"column":16},"end":{"line":107,"column":52}},"31":{"start":{"line":108,"column":17},"end":{"line":108,"column":37}},"32":{"start":{"line":109,"column":4},"end":{"line":109,"column":28}},"33":{"start":{"line":117,"column":16},"end":{"line":117,"column":59}},"34":{"start":{"line":118,"column":17},"end":{"line":118,"column":37}},"35":{"start":{"line":119,"column":4},"end":{"line":119,"column":35}},"36":{"start":{"line":127,"column":16},"end":{"line":127,"column":66}},"37":{"start":{"line":128,"column":17},"end":{"line":128,"column":37}},"38":{"start":{"line":129,"column":4},"end":{"line":129,"column":35}},"39":{"start":{"line":138,"column":16},"end":{"line":138,"column":133}},"40":{"start":{"line":139,"column":17},"end":{"line":139,"column":37}},"41":{"start":{"line":140,"column":4},"end":{"line":140,"column":36}},"42":{"start":{"line":148,"column":16},"end":{"line":148,"column":60}},"43":{"start":{"line":149,"column":17},"end":{"line":149,"column":37}},"44":{"start":{"line":150,"column":4},"end":{"line":150,"column":24}},"45":{"start":{"line":155,"column":4},"end":{"line":162,"column":5}},"46":{"start":{"line":156,"column":18},"end":{"line":156,"column":38}},"47":{"start":{"line":157,"column":23},"end":{"line":157,"column":31}},"48":{"start":{"line":158,"column":6},"end":{"line":158,"column":17}},"49":{"start":{"line":160,"column":6},"end":{"line":160,"column":24}},"50":{"start":{"line":161,"column":6},"end":{"line":161,"column":12}}},"fnMap":{"0":{"name":"(anonymous_0)","decl":{"start":{"line":7,"column":2},"end":{"line":7,"column":3}},"loc":{"start":{"line":7,"column":33},"end":{"line":10,"column":3}},"line":7},"1":{"name":"(anonymous_1)","decl":{"start":{"line":9,"column":34},"end":{"line":9,"column":35}},"loc":{"start":{"line":9,"column":43},"end":{"line":9,"column":46}},"line":9},"2":{"name":"(anonymous_2)","decl":{"start":{"line":16,"column":2},"end":{"line":16,"column":3}},"loc":{"start":{"line":16,"column":65},"end":{"line":21,"column":3}},"line":16},"3":{"name":"(anonymous_3)","decl":{"start":{"line":26,"column":2},"end":{"line":26,"column":3}},"loc":{"start":{"line":26,"column":69},"end":{"line":31,"column":3}},"line":26},"4":{"name":"(anonymous_4)","decl":{"start":{"line":36,"column":2},"end":{"line":36,"column":3}},"loc":{"start":{"line":36,"column":79},"end":{"line":40,"column":3}},"line":36},"5":{"name":"(anonymous_5)","decl":{"start":{"line":45,"column":2},"end":{"line":45,"column":3}},"loc":{"start":{"line":45,"column":55},"end":{"line":50,"column":3}},"line":45},"6":{"name":"(anonymous_6)","decl":{"start":{"line":56,"column":2},"end":{"line":56,"column":3}},"loc":{"start":{"line":56,"column":68},"end":{"line":60,"column":3}},"line":56},"7":{"name":"(anonymous_7)","decl":{"start":{"line":67,"column":2},"end":{"line":67,"column":3}},"loc":{"start":{"line":67,"column":75},"end":{"line":71,"column":3}},"line":67},"8":{"name":"(anonymous_8)","decl":{"start":{"line":77,"column":2},"end":{"line":77,"column":3}},"loc":{"start":{"line":77,"column":90},"end":{"line":81,"column":3}},"line":77},"9":{"name":"(anonymous_9)","decl":{"start":{"line":87,"column":2},"end":{"line":87,"column":3}},"loc":{"start":{"line":87,"column":78},"end":{"line":91,"column":3}},"line":87},"10":{"name":"(anonymous_10)","decl":{"start":{"line":97,"column":2},"end":{"line":97,"column":3}},"loc":{"start":{"line":97,"column":86},"end":{"line":101,"column":3}},"line":97},"11":{"name":"(anonymous_11)","decl":{"start":{"line":106,"column":2},"end":{"line":106,"column":3}},"loc":{"start":{"line":106,"column":64},"end":{"line":110,"column":3}},"line":106},"12":{"name":"(anonymous_12)","decl":{"start":{"line":116,"column":2},"end":{"line":116,"column":3}},"loc":{"start":{"line":116,"column":75},"end":{"line":120,"column":3}},"line":116},"13":{"name":"(anonymous_13)","decl":{"start":{"line":126,"column":2},"end":{"line":126,"column":3}},"loc":{"start":{"line":126,"column":80},"end":{"line":130,"column":3}},"line":126},"14":{"name":"(anonymous_14)","decl":{"start":{"line":137,"column":2},"end":{"line":137,"column":3}},"loc":{"start":{"line":137,"column":77},"end":{"line":141,"column":3}},"line":137},"15":{"name":"(anonymous_15)","decl":{"start":{"line":147,"column":2},"end":{"line":147,"column":3}},"loc":{"start":{"line":147,"column":49},"end":{"line":151,"column":3}},"line":147},"16":{"name":"(anonymous_16)","decl":{"start":{"line":154,"column":2},"end":{"line":154,"column":3}},"loc":{"start":{"line":154,"column":34},"end":{"line":163,"column":3}},"line":154}},"branchMap":{"0":{"loc":{"start":{"line":8,"column":20},"end":{"line":8,"column":83}},"type":"binary-expr","locations":[{"start":{"line":8,"column":20},"end":{"line":8,"column":37}},{"start":{"line":8,"column":41},"end":{"line":8,"column":83}}],"line":8},"1":{"loc":{"start":{"line":9,"column":18},"end":{"line":9,"column":47}},"type":"binary-expr","locations":[{"start":{"line":9,"column":18},"end":{"line":9,"column":29}},{"start":{"line":9,"column":34},"end":{"line":9,"column":46}}],"line":9},"2":{"loc":{"start":{"line":138,"column":16},"end":{"line":138,"column":133}},"type":"cond-expr","locations":[{"start":{"line":138,"column":28},"end":{"line":138,"column":78}},{"start":{"line":138,"column":81},"end":{"line":138,"column":133}}],"line":138}},"s":{"0":5,"1":5,"2":1,"3":1,"4":1,"5":1,"6":1,"7":1,"8":1,"9":1,"10":1,"11":1,"12":0,"13":0,"14":0,"15":1,"16":1,"17":1,"18":1,"19":1,"20":1,"21":0,"22":0,"23":0,"24":1,"25":1,"26":1,"27":1,"28":1,"29":1,"30":1,"31":1,"32":1,"33":1,"34":1,"35":1,"36":0,"37":0,"38":0,"39":1,"40":1,"41":1,"42":1,"43":1,"44":1,"45":11,"46":11,"47":10,"48":10,"49":1,"50":1},"f":{"0":5,"1":1,"2":1,"3":1,"4":1,"5":0,"6":1,"7":1,"8":0,"9":1,"10":1,"11":1,"12":1,"13":0,"14":1,"15":1,"16":11},"b":{"0":[5,0],"1":[5,5],"2":[0,1]},"_coverageSchema":"1a1c01bbd47fc00a2c39e90264f33305004495a9","hash":"f4a1bf30d52ee88fa89e1f8c29dee58ebafe7690"}
,"/home/nmurgor/ae100-projects/bitgesell-blockchain-sdk/src/classes/Mempool.ts": {"path":"/home/nmurgor/ae100-projects/bitgesell-blockchain-sdk/src/classes/Mempool.ts","statementMap":{"0":{"start":{"line":9,"column":4},"end":{"line":9,"column":83}},"1":{"start":{"line":10,"column":4},"end":{"line":10,"column":47}},"2":{"start":{"line":10,"column":43},"end":{"line":10,"column":46}},"3":{"start":{"line":21,"column":16},"end":{"line":21,"column":130}},"4":{"start":{"line":22,"column":17},"end":{"line":22,"column":37}},"5":{"start":{"line":23,"column":4},"end":{"line":23,"column":26}},"6":{"start":{"line":35,"column":16},"end":{"line":35,"column":130}},"7":{"start":{"line":36,"column":17},"end":{"line":36,"column":37}},"8":{"start":{"line":37,"column":4},"end":{"line":37,"column":31}},"9":{"start":{"line":48,"column":16},"end":{"line":48,"column":138}},"10":{"start":{"line":49,"column":17},"end":{"line":49,"column":37}},"11":{"start":{"line":50,"column":4},"end":{"line":50,"column":26}},"12":{"start":{"line":62,"column":16},"end":{"line":62,"column":142}},"13":{"start":{"line":63,"column":17},"end":{"line":63,"column":37}},"14":{"start":{"line":64,"column":4},"end":{"line":64,"column":31}},"15":{"start":{"line":68,"column":16},"end":{"line":68,"column":133}},"16":{"start":{"line":69,"column":17},"end":{"line":69,"column":37}},"17":{"start":{"line":70,"column":4},"end":{"line":70,"column":40}},"18":{"start":{"line":75,"column":4},"end":{"line":82,"column":5}},"19":{"start":{"line":76,"column":18},"end":{"line":76,"column":38}},"20":{"start":{"line":77,"column":23},"end":{"line":77,"column":31}},"21":{"start":{"line":78,"column":6},"end":{"line":78,"column":17}},"22":{"start":{"line":80,"column":6},"end":{"line":80,"column":24}},"23":{"start":{"line":81,"column":6},"end":{"line":81,"column":12}}},"fnMap":{"0":{"name":"(anonymous_0)","decl":{"start":{"line":8,"column":2},"end":{"line":8,"column":3}},"loc":{"start":{"line":8,"column":33},"end":{"line":11,"column":3}},"line":8},"1":{"name":"(anonymous_1)","decl":{"start":{"line":10,"column":34},"end":{"line":10,"column":35}},"loc":{"start":{"line":10,"column":43},"end":{"line":10,"column":46}},"line":10},"2":{"name":"(anonymous_2)","decl":{"start":{"line":20,"column":2},"end":{"line":20,"column":3}},"loc":{"start":{"line":20,"column":122},"end":{"line":25,"column":3}},"line":20},"3":{"name":"(anonymous_3)","decl":{"start":{"line":34,"column":2},"end":{"line":34,"column":3}},"loc":{"start":{"line":34,"column":120},"end":{"line":38,"column":3}},"line":34},"4":{"name":"(anonymous_4)","decl":{"start":{"line":47,"column":2},"end":{"line":47,"column":3}},"loc":{"start":{"line":47,"column":112},"end":{"line":51,"column":3}},"line":47},"5":{"name":"(anonymous_5)","decl":{"start":{"line":61,"column":2},"end":{"line":61,"column":3}},"loc":{"start":{"line":61,"column":113},"end":{"line":65,"column":3}},"line":61},"6":{"name":"(anonymous_6)","decl":{"start":{"line":67,"column":2},"end":{"line":67,"column":3}},"loc":{"start":{"line":67,"column":111},"end":{"line":71,"column":3}},"line":67},"7":{"name":"(anonymous_7)","decl":{"start":{"line":74,"column":2},"end":{"line":74,"column":3}},"loc":{"start":{"line":74,"column":34},"end":{"line":83,"column":3}},"line":74}},"branchMap":{"0":{"loc":{"start":{"line":9,"column":20},"end":{"line":9,"column":83}},"type":"binary-expr","locations":[{"start":{"line":9,"column":20},"end":{"line":9,"column":37}},{"start":{"line":9,"column":41},"end":{"line":9,"column":83}}],"line":9},"1":{"loc":{"start":{"line":10,"column":18},"end":{"line":10,"column":47}},"type":"binary-expr","locations":[{"start":{"line":10,"column":18},"end":{"line":10,"column":29}},{"start":{"line":10,"column":34},"end":{"line":10,"column":46}}],"line":10},"2":{"loc":{"start":{"line":20,"column":94},"end":{"line":20,"column":102}},"type":"default-arg","locations":[{"start":{"line":20,"column":101},"end":{"line":20,"column":102}}],"line":20},"3":{"loc":{"start":{"line":34,"column":87},"end":{"line":34,"column":95}},"type":"default-arg","locations":[{"start":{"line":34,"column":94},"end":{"line":34,"column":95}}],"line":34},"4":{"loc":{"start":{"line":47,"column":102},"end":{"line":47,"column":110}},"type":"default-arg","locations":[{"start":{"line":47,"column":109},"end":{"line":47,"column":110}}],"line":47}},"s":{"0":5,"1":5,"2":0,"3":0,"4":0,"5":0,"6":1,"7":1,"8":1,"9":1,"10":1,"11":1,"12":1,"13":1,"14":1,"15":1,"16":1,"17":1,"18":4,"19":4,"20":4,"21":4,"22":0,"23":0},"f":{"0":5,"1":0,"2":0,"3":1,"4":1,"5":1,"6":1,"7":4},"b":{"0":[5,0],"1":[5,5],"2":[0],"3":[1],"4":[1]},"_coverageSchema":"1a1c01bbd47fc00a2c39e90264f33305004495a9","hash":"695bf0f01fabe498c972326a7dacb5602a20fda7"}
,"/home/nmurgor/ae100-projects/bitgesell-blockchain-sdk/src/classes/Transactions.ts": {"path":"/home/nmurgor/ae100-projects/bitgesell-blockchain-sdk/src/classes/Transactions.ts","statementMap":{"0":{"start":{"line":8,"column":4},"end":{"line":8,"column":83}},"1":{"start":{"line":9,"column":4},"end":{"line":9,"column":47}},"2":{"start":{"line":9,"column":43},"end":{"line":9,"column":46}},"3":{"start":{"line":17,"column":16},"end":{"line":17,"column":56}},"4":{"start":{"line":18,"column":17},"end":{"line":18,"column":37}},"5":{"start":{"line":19,"column":4},"end":{"line":19,"column":37}},"6":{"start":{"line":27,"column":16},"end":{"line":27,"column":69}},"7":{"start":{"line":28,"column":17},"end":{"line":28,"column":37}},"8":{"start":{"line":29,"column":4},"end":{"line":29,"column":41}},"9":{"start":{"line":34,"column":4},"end":{"line":41,"column":5}},"10":{"start":{"line":35,"column":18},"end":{"line":35,"column":38}},"11":{"start":{"line":36,"column":23},"end":{"line":36,"column":31}},"12":{"start":{"line":37,"column":6},"end":{"line":37,"column":17}},"13":{"start":{"line":39,"column":6},"end":{"line":39,"column":24}},"14":{"start":{"line":40,"column":6},"end":{"line":40,"column":12}}},"fnMap":{"0":{"name":"(anonymous_0)","decl":{"start":{"line":7,"column":2},"end":{"line":7,"column":3}},"loc":{"start":{"line":7,"column":33},"end":{"line":10,"column":3}},"line":7},"1":{"name":"(anonymous_1)","decl":{"start":{"line":9,"column":34},"end":{"line":9,"column":35}},"loc":{"start":{"line":9,"column":43},"end":{"line":9,"column":46}},"line":9},"2":{"name":"(anonymous_2)","decl":{"start":{"line":16,"column":2},"end":{"line":16,"column":3}},"loc":{"start":{"line":16,"column":52},"end":{"line":20,"column":3}},"line":16},"3":{"name":"(anonymous_3)","decl":{"start":{"line":26,"column":2},"end":{"line":26,"column":3}},"loc":{"start":{"line":26,"column":56},"end":{"line":30,"column":3}},"line":26},"4":{"name":"(anonymous_4)","decl":{"start":{"line":33,"column":2},"end":{"line":33,"column":3}},"loc":{"start":{"line":33,"column":34},"end":{"line":42,"column":3}},"line":33}},"branchMap":{"0":{"loc":{"start":{"line":8,"column":20},"end":{"line":8,"column":83}},"type":"binary-expr","locations":[{"start":{"line":8,"column":20},"end":{"line":8,"column":37}},{"start":{"line":8,"column":41},"end":{"line":8,"column":83}}],"line":8},"1":{"loc":{"start":{"line":9,"column":18},"end":{"line":9,"column":47}},"type":"binary-expr","locations":[{"start":{"line":9,"column":18},"end":{"line":9,"column":29}},{"start":{"line":9,"column":34},"end":{"line":9,"column":46}}],"line":9}},"s":{"0":5,"1":5,"2":0,"3":1,"4":1,"5":1,"6":1,"7":1,"8":1,"9":2,"10":2,"11":2,"12":2,"13":0,"14":0},"f":{"0":5,"1":0,"2":1,"3":1,"4":2},"b":{"0":[5,0],"1":[5,5]},"_coverageSchema":"1a1c01bbd47fc00a2c39e90264f33305004495a9","hash":"021d7954acb399077e8c9990b7df44c796f8c013"}
,"/home/nmurgor/ae100-projects/bitgesell-blockchain-sdk/src/types/index.ts": {"path":"/home/nmurgor/ae100-projects/bitgesell-blockchain-sdk/src/types/index.ts","statementMap":{},"fnMap":{},"branchMap":{},"s":{},"f":{},"b":{},"_coverageSchema":"1a1c01bbd47fc00a2c39e90264f33305004495a9","hash":"98435096ae1f6d27f10f107a23d545586bde168e"}
}
