TN:
SF:src/api.ts
FN:13,(anonymous_0)
FNF:1
FNH:1
FNDA:5,(anonymous_0)
DA:14,5
DA:15,5
DA:16,5
DA:17,5
LF:4
LH:4
BRF:0
BRH:0
end_of_record
TN:
SF:src/__tests__/sdkConfig.ts
FNF:0
FNH:0
DA:3,3
LF:1
LH:1
BRF:0
BRH:0
end_of_record
TN:
SF:src/classes/Address.ts
FN:8,(anonymous_0)
FN:10,(anonymous_1)
FN:17,(anonymous_2)
FN:28,(anonymous_3)
FN:38,(anonymous_4)
FN:49,(anonymous_5)
FN:56,(anonymous_6)
FNF:7
FNH:6
FNDA:5,(anonymous_0)
FNDA:0,(anonymous_1)
FNDA:1,(anonymous_2)
FNDA:1,(anonymous_3)
FNDA:1,(anonymous_4)
FNDA:1,(anonymous_5)
FNDA:4,(anonymous_6)
DA:9,5
DA:10,5
DA:18,1
DA:20,1
DA:21,1
DA:29,1
DA:30,1
DA:31,1
DA:39,1
DA:40,1
DA:41,1
DA:50,1
DA:51,1
DA:52,1
DA:57,4
DA:58,4
DA:59,4
DA:60,4
DA:62,0
DA:63,0
LF:20
LH:18
BRDA:9,0,0,5
BRDA:9,0,1,0
BRDA:10,1,0,5
BRDA:10,1,1,5
BRF:4
BRH:3
end_of_record
TN:
SF:src/classes/Blockchain.ts
FN:7,(anonymous_0)
FN:9,(anonymous_1)
FN:16,(anonymous_2)
FN:26,(anonymous_3)
FN:36,(anonymous_4)
FN:45,(anonymous_5)
FN:56,(anonymous_6)
FN:67,(anonymous_7)
FN:77,(anonymous_8)
FN:87,(anonymous_9)
FN:97,(anonymous_10)
FN:106,(anonymous_11)
FN:116,(anonymous_12)
FN:126,(anonymous_13)
FN:137,(anonymous_14)
FN:147,(anonymous_15)
FN:154,(anonymous_16)
FNF:17
FNH:14
FNDA:5,(anonymous_0)
FNDA:1,(anonymous_1)
FNDA:1,(anonymous_2)
FNDA:1,(anonymous_3)
FNDA:1,(anonymous_4)
FNDA:0,(anonymous_5)
FNDA:1,(anonymous_6)
FNDA:1,(anonymous_7)
FNDA:0,(anonymous_8)
FNDA:1,(anonymous_9)
FNDA:1,(anonymous_10)
FNDA:1,(anonymous_11)
FNDA:1,(anonymous_12)
FNDA:0,(anonymous_13)
FNDA:1,(anonymous_14)
FNDA:1,(anonymous_15)
FNDA:11,(anonymous_16)
DA:8,5
DA:9,5
DA:17,1
DA:18,1
DA:19,1
DA:27,1
DA:28,1
DA:29,1
DA:37,1
DA:38,1
DA:39,1
DA:46,0
DA:47,0
DA:48,0
DA:57,1
DA:58,1
DA:59,1
DA:68,1
DA:69,1
DA:70,1
DA:78,0
DA:79,0
DA:80,0
DA:88,1
DA:89,1
DA:90,1
DA:98,1
DA:99,1
DA:100,1
DA:107,1
DA:108,1
DA:109,1
DA:117,1
DA:118,1
DA:119,1
DA:127,0
DA:128,0
DA:129,0
DA:138,1
DA:139,1
DA:140,1
DA:148,1
DA:149,1
DA:150,1
DA:155,11
DA:156,11
DA:157,10
DA:158,10
DA:160,1
DA:161,1
LF:50
LH:41
BRDA:8,0,0,5
BRDA:8,0,1,0
BRDA:9,1,0,5
BRDA:9,1,1,5
BRDA:138,2,0,0
BRDA:138,2,1,1
BRF:6
BRH:4
end_of_record
TN:
SF:src/classes/Mempool.ts
FN:8,(anonymous_0)
FN:10,(anonymous_1)
FN:20,(anonymous_2)
FN:34,(anonymous_3)
FN:47,(anonymous_4)
FN:61,(anonymous_5)
FN:67,(anonymous_6)
FN:74,(anonymous_7)
FNF:8
FNH:6
FNDA:5,(anonymous_0)
FNDA:0,(anonymous_1)
FNDA:0,(anonymous_2)
FNDA:1,(anonymous_3)
FNDA:1,(anonymous_4)
FNDA:1,(anonymous_5)
FNDA:1,(anonymous_6)
FNDA:4,(anonymous_7)
DA:9,5
DA:10,5
DA:21,0
DA:22,0
DA:23,0
DA:35,1
DA:36,1
DA:37,1
DA:48,1
DA:49,1
DA:50,1
DA:62,1
DA:63,1
DA:64,1
DA:68,1
DA:69,1
DA:70,1
DA:75,4
DA:76,4
DA:77,4
DA:78,4
DA:80,0
DA:81,0
LF:23
LH:18
BRDA:9,0,0,5
BRDA:9,0,1,0
BRDA:10,1,0,5
BRDA:10,1,1,5
BRDA:20,2,0,0
BRDA:34,3,0,1
BRDA:47,4,0,1
BRF:7
BRH:5
end_of_record
TN:
SF:src/classes/Transactions.ts
FN:7,(anonymous_0)
FN:9,(anonymous_1)
FN:16,(anonymous_2)
FN:26,(anonymous_3)
FN:33,(anonymous_4)
FNF:5
FNH:4
FNDA:5,(anonymous_0)
FNDA:0,(anonymous_1)
FNDA:1,(anonymous_2)
FNDA:1,(anonymous_3)
FNDA:2,(anonymous_4)
DA:8,5
DA:9,5
DA:17,1
DA:18,1
DA:19,1
DA:27,1
DA:28,1
DA:29,1
DA:34,2
DA:35,2
DA:36,2
DA:37,2
DA:39,0
DA:40,0
LF:14
LH:12
BRDA:8,0,0,5
BRDA:8,0,1,0
BRDA:9,1,0,5
BRDA:9,1,1,5
BRF:4
BRH:3
end_of_record
TN:
SF:src/types/index.ts
FNF:0
FNH:0
LF:0
LH:0
BRF:0
BRH:0
end_of_record
